2022-07-22 16:09:33,928 INFO o.a.j.u.JMeterUtils: Setting Locale to en_EN
2022-07-22 16:09:33,968 INFO o.a.j.JMeter: Loading user properties from: C:\Apps\JMeter\apache-jmeter-5.5\bin\user.properties
2022-07-22 16:09:33,969 INFO o.a.j.JMeter: Loading system properties from: C:\Apps\JMeter\apache-jmeter-5.5\bin\system.properties
2022-07-22 16:09:33,970 INFO o.a.j.JMeter: Setting System property: jmeter.protocol=http
2022-07-22 16:09:33,970 INFO o.a.j.JMeter: Setting System property: jmeter.serverName=192.168.0.206
2022-07-22 16:09:33,987 INFO o.a.j.JMeter: Copyright (c) 1998-2022 The Apache Software Foundation
2022-07-22 16:09:33,987 INFO o.a.j.JMeter: Version 5.5
2022-07-22 16:09:33,987 INFO o.a.j.JMeter: java.version=11.0.15
2022-07-22 16:09:33,987 INFO o.a.j.JMeter: java.vm.name=Java HotSpot(TM) 64-Bit Server VM
2022-07-22 16:09:33,987 INFO o.a.j.JMeter: os.name=Windows 10
2022-07-22 16:09:33,987 INFO o.a.j.JMeter: os.arch=amd64
2022-07-22 16:09:33,987 INFO o.a.j.JMeter: os.version=10.0
2022-07-22 16:09:33,987 INFO o.a.j.JMeter: file.encoding=Cp1252
2022-07-22 16:09:33,988 INFO o.a.j.JMeter: java.awt.headless=true
2022-07-22 16:09:33,988 INFO o.a.j.JMeter: Max memory     =1073741824
2022-07-22 16:09:33,988 INFO o.a.j.JMeter: Available Processors =4
2022-07-22 16:09:34,008 INFO o.a.j.JMeter: Default Locale=English (EN)
2022-07-22 16:09:34,008 INFO o.a.j.JMeter: JMeter  Locale=English (EN)
2022-07-22 16:09:34,008 INFO o.a.j.JMeter: JMeterHome=C:\Apps\JMeter\apache-jmeter-5.5
2022-07-22 16:09:34,008 INFO o.a.j.JMeter: user.dir  =D:\Jenkins-JMeter\Jen-JMe-Git
2022-07-22 16:09:34,009 INFO o.a.j.JMeter: PWD       =D:\Jenkins-JMeter\Jen-JMe-Git
2022-07-22 16:09:34,009 INFO o.a.j.JMeter: IP: 192.168.0.58 Name: DESKTOP-68UN0DI FullName: DESKTOP-68UN0DI
2022-07-22 16:09:34,062 INFO o.a.j.s.FileServer: Default base='D:\Jenkins-JMeter\Jen-JMe-Git'
2022-07-22 16:09:34,065 INFO o.a.j.s.FileServer: Set new base='D:\Jenkins-JMeter\Jen-JMe-Git\Add-API\Branch\scripts'
2022-07-22 16:09:34,571 INFO o.a.j.s.SaveService: Testplan (JMX) version: 2.2. Testlog (JTL) version: 2.2
2022-07-22 16:09:34,692 INFO o.a.j.s.SaveService: Using SaveService properties version 5.0
2022-07-22 16:09:34,700 INFO o.a.j.s.SaveService: Using SaveService properties file encoding UTF-8
2022-07-22 16:09:34,706 INFO o.a.j.s.SaveService: Loading file: D:\Jenkins-JMeter\Jen-JMe-Git\Add-API\Branch\scripts\add-branch.jmx
2022-07-22 16:09:34,806 INFO o.a.j.p.h.c.CookieManager: Settings: Delete null: true Check: true Allow variable: true Save: false Prefix: COOKIE_
2022-07-22 16:09:35,713 INFO o.a.j.p.h.s.HTTPSamplerBase: Parser for text/html is org.apache.jmeter.protocol.http.parser.LagartoBasedHtmlParser
2022-07-22 16:09:35,713 INFO o.a.j.p.h.s.HTTPSamplerBase: Parser for application/xhtml+xml is org.apache.jmeter.protocol.http.parser.LagartoBasedHtmlParser
2022-07-22 16:09:35,713 INFO o.a.j.p.h.s.HTTPSamplerBase: Parser for application/xml is org.apache.jmeter.protocol.http.parser.LagartoBasedHtmlParser
2022-07-22 16:09:35,713 INFO o.a.j.p.h.s.HTTPSamplerBase: Parser for text/xml is org.apache.jmeter.protocol.http.parser.LagartoBasedHtmlParser
2022-07-22 16:09:35,714 INFO o.a.j.p.h.s.HTTPSamplerBase: Parser for text/vnd.wap.wml is org.apache.jmeter.protocol.http.parser.RegexpHTMLParser
2022-07-22 16:09:35,714 INFO o.a.j.p.h.s.HTTPSamplerBase: Parser for text/css is org.apache.jmeter.protocol.http.parser.CssParser
2022-07-22 16:09:35,835 INFO o.a.j.c.IncludeController: loadIncludedElements -- try to load included module: D:\Jenkins-JMeter\Jen-JMe-Git\Add-API\Login\scripts\instant-token.jmx
2022-07-22 16:09:35,835 INFO o.a.j.s.SaveService: Loading file: D:\Jenkins-JMeter\Jen-JMe-Git\Add-API\Login\scripts\instant-token.jmx
2022-07-22 16:09:35,983 INFO o.a.j.c.IncludeController: loadIncludedElements -- try to load included module: D:\Jenkins-JMeter\Jen-JMe-Git\Add-API\Login\scripts\instant-token.jmx
2022-07-22 16:09:35,983 INFO o.a.j.s.SaveService: Loading file: D:\Jenkins-JMeter\Jen-JMe-Git\Add-API\Login\scripts\instant-token.jmx
2022-07-22 16:09:36,046 INFO o.a.j.c.IncludeController: loadIncludedElements -- try to load included module: D:\Jenkins-JMeter\Jen-JMe-Git\Add-API\Login\scripts\instant-token.jmx
2022-07-22 16:09:36,046 INFO o.a.j.s.SaveService: Loading file: D:\Jenkins-JMeter\Jen-JMe-Git\Add-API\Login\scripts\instant-token.jmx
2022-07-22 16:09:36,090 INFO o.a.j.JMeter: Creating summariser <summary>
2022-07-22 16:09:36,159 INFO o.a.j.e.StandardJMeterEngine: Running the test!
2022-07-22 16:09:36,164 INFO o.a.j.s.SampleEvent: List of sample_variables: []
2022-07-22 16:09:36,164 INFO o.a.j.s.SampleEvent: List of sample_variables: []
2022-07-22 16:09:36,193 INFO o.a.j.e.u.CompoundVariable: Note: Function class names must contain the string: '.functions.'
2022-07-22 16:09:36,194 INFO o.a.j.e.u.CompoundVariable: Note: Function class names must not contain the string: '.gui.'
2022-07-22 16:09:36,531 INFO o.a.j.JMeter: Running test (1658486376531)
2022-07-22 16:09:36,568 INFO o.a.j.e.StandardJMeterEngine: Starting ThreadGroup: 1 : [TG]Axon-Master
2022-07-22 16:09:36,568 INFO o.a.j.e.StandardJMeterEngine: Starting 1 threads for group [TG]Axon-Master.
2022-07-22 16:09:36,569 INFO o.a.j.e.StandardJMeterEngine: Thread will continue on error
2022-07-22 16:09:36,569 INFO o.a.j.t.ThreadGroup: Starting thread group... number=1 threads=1 ramp-up=1 delayedStart=false
2022-07-22 16:09:36,577 INFO o.a.j.c.IncludeController: loadIncludedElements -- try to load included module: D:\Jenkins-JMeter\Jen-JMe-Git\Add-API\Login\scripts\instant-token.jmx
2022-07-22 16:09:36,578 INFO o.a.j.s.SaveService: Loading file: D:\Jenkins-JMeter\Jen-JMe-Git\Add-API\Login\scripts\instant-token.jmx
2022-07-22 16:09:36,699 INFO o.a.j.t.ThreadGroup: Started thread group number 1
2022-07-22 16:09:36,699 INFO o.a.j.e.StandardJMeterEngine: All thread groups have been started
2022-07-22 16:09:37,048 INFO o.a.j.t.JMeterThread: Thread started: [TG]Axon-Master 1-1
2022-07-22 16:09:37,053 INFO o.a.j.s.SampleResult: Note: Sample TimeStamps are START times
2022-07-22 16:09:37,053 INFO o.a.j.s.SampleResult: sampleresult.default.encoding is set to ISO-8859-1
2022-07-22 16:09:37,053 INFO o.a.j.s.SampleResult: sampleresult.useNanoTime=true
2022-07-22 16:09:37,054 INFO o.a.j.s.SampleResult: sampleresult.nanoThreadSleep=5000
2022-07-22 16:09:37,096 INFO o.a.j.u.BeanShellTestElement: Failed to delete the file
2022-07-22 16:09:37,171 INFO o.a.j.p.h.s.HTTPHCAbstractImpl: Local host = DESKTOP-68UN0DI
2022-07-22 16:09:37,183 INFO o.a.j.p.h.s.HTTPHC4Impl: HTTP request retry count = 0
2022-07-22 16:09:37,623 INFO o.a.j.s.FileServer: Stored: D:\Jenkins-JMeter\Jen-JMe-Git\Add-API\Branch\data\master-data.csv
2022-07-22 16:09:39,093 INFO o.a.j.u.BeanShellTestElement: 1
2022-07-22 16:09:39,168 INFO o.a.j.u.BeanShellTestElement: 1
2022-07-22 16:09:39,348 INFO o.a.j.u.BeanShellTestElement: 1
2022-07-22 16:09:39,547 INFO o.a.j.u.BeanShellTestElement: 1
2022-07-22 16:09:39,811 INFO o.a.j.u.BeanShellTestElement: 1
2022-07-22 16:09:39,889 INFO o.a.j.u.BeanShellTestElement: 1
2022-07-22 16:09:39,939 INFO o.a.j.u.BeanShellTestElement: 1
2022-07-22 16:09:39,984 INFO o.a.j.u.BeanShellTestElement: 1
2022-07-22 16:09:40,057 INFO o.a.j.u.BeanShellTestElement: 1
2022-07-22 16:09:40,173 INFO o.a.j.u.BeanShellTestElement: 1
2022-07-22 16:09:40,434 INFO o.a.j.u.BeanShellTestElement: 1
2022-07-22 16:09:40,485 INFO o.a.j.u.BeanShellTestElement: 1
2022-07-22 16:09:40,752 INFO o.a.j.u.BeanShellTestElement: 1
2022-07-22 16:09:40,831 INFO o.a.j.u.BeanShellTestElement: 1
2022-07-22 16:09:40,885 INFO o.a.j.u.BeanShellTestElement: 1
2022-07-22 16:09:40,950 INFO o.a.j.u.BeanShellTestElement: 1
2022-07-22 16:09:41,000 INFO o.a.j.u.BeanShellTestElement: 1
2022-07-22 16:09:41,154 INFO o.a.j.u.BeanShellTestElement: 1
2022-07-22 16:09:41,206 INFO o.a.j.u.BeanShellTestElement: 1
2022-07-22 16:09:41,404 INFO o.a.j.u.BeanShellTestElement: 1
2022-07-22 16:09:41,482 INFO o.a.j.u.BeanShellTestElement: 1
2022-07-22 16:09:41,545 INFO o.a.j.u.BeanShellTestElement: 1
2022-07-22 16:09:41,596 INFO o.a.j.u.BeanShellTestElement: 1
2022-07-22 16:09:41,599 INFO o.a.j.t.JMeterThread: Stop Thread seen for thread [TG]Axon-Master 1-1, reason: org.apache.jorphan.util.JMeterStopThreadException: End of file:D:\Jenkins-JMeter\Jen-JMe-Git\Add-API\Branch\data\master-data.csv detected for CSV DataSet:DataFile configured with stopThread:true, recycle:false
2022-07-22 16:09:41,600 INFO o.a.j.t.JMeterThread: Thread finished: [TG]Axon-Master 1-1
2022-07-22 16:09:41,601 INFO o.a.j.e.StandardJMeterEngine: Notifying test listeners of end of test
2022-07-22 16:09:41,602 INFO o.a.j.s.FileServer: Close: D:\Jenkins-JMeter\Jen-JMe-Git\Add-API\Branch\data\master-data.csv
2022-07-22 16:09:41,636 INFO o.a.j.r.Summariser: summary =    321 in 00:00:05 =   63.1/s Avg:     9 Min:     0 Max:   414 Err:    23 (7.17%)
