2022-07-26 17:07:38,529 INFO o.a.j.u.JMeterUtils: Setting Locale to en_EN
2022-07-26 17:07:38,575 INFO o.a.j.JMeter: Loading user properties from: C:\Apps\JMeter\apache-jmeter-5.5\bin\user.properties
2022-07-26 17:07:38,575 INFO o.a.j.JMeter: Loading system properties from: C:\Apps\JMeter\apache-jmeter-5.5\bin\system.properties
2022-07-26 17:07:38,576 INFO o.a.j.JMeter: Setting System property: jmeter.protocol=http
2022-07-26 17:07:38,576 INFO o.a.j.JMeter: Setting System property: jmeter.serverName=192.168.0.206
2022-07-26 17:07:38,576 INFO o.a.j.JMeter: Setting System property: jmeter.dataFile=..\data\master-data.csv
2022-07-26 17:07:38,591 INFO o.a.j.JMeter: Copyright (c) 1998-2022 The Apache Software Foundation
2022-07-26 17:07:38,592 INFO o.a.j.JMeter: Version 5.5
2022-07-26 17:07:38,592 INFO o.a.j.JMeter: java.version=11.0.15
2022-07-26 17:07:38,592 INFO o.a.j.JMeter: java.vm.name=Java HotSpot(TM) 64-Bit Server VM
2022-07-26 17:07:38,592 INFO o.a.j.JMeter: os.name=Windows 10
2022-07-26 17:07:38,592 INFO o.a.j.JMeter: os.arch=amd64
2022-07-26 17:07:38,593 INFO o.a.j.JMeter: os.version=10.0
2022-07-26 17:07:38,593 INFO o.a.j.JMeter: file.encoding=Cp1252
2022-07-26 17:07:38,593 INFO o.a.j.JMeter: java.awt.headless=true
2022-07-26 17:07:38,593 INFO o.a.j.JMeter: Max memory     =1073741824
2022-07-26 17:07:38,593 INFO o.a.j.JMeter: Available Processors =4
2022-07-26 17:07:38,608 INFO o.a.j.JMeter: Default Locale=English (EN)
2022-07-26 17:07:38,608 INFO o.a.j.JMeter: JMeter  Locale=English (EN)
2022-07-26 17:07:38,609 INFO o.a.j.JMeter: JMeterHome=C:\Apps\JMeter\apache-jmeter-5.5
2022-07-26 17:07:38,609 INFO o.a.j.JMeter: user.dir  =C:\Apps\JenkinsIntegration\JMe-Git-Jen\Add-API
2022-07-26 17:07:38,609 INFO o.a.j.JMeter: PWD       =C:\Apps\JenkinsIntegration\JMe-Git-Jen\Add-API
2022-07-26 17:07:38,610 INFO o.a.j.JMeter: IP: 192.168.0.58 Name: DESKTOP-68UN0DI FullName: DESKTOP-68UN0DI
2022-07-26 17:07:38,638 INFO o.a.j.s.FileServer: Default base='C:\Apps\JenkinsIntegration\JMe-Git-Jen\Add-API'
2022-07-26 17:07:38,639 INFO o.a.j.s.FileServer: Set new base='C:\Apps\JenkinsIntegration\JMe-Git-Jen\Add-API\Add-API\Branch\scripts'
2022-07-26 17:07:39,009 INFO o.a.j.s.SaveService: Testplan (JMX) version: 2.2. Testlog (JTL) version: 2.2
2022-07-26 17:07:39,044 INFO o.a.j.s.SaveService: Using SaveService properties version 5.0
2022-07-26 17:07:39,049 INFO o.a.j.s.SaveService: Using SaveService properties file encoding UTF-8
2022-07-26 17:07:39,056 INFO o.a.j.s.SaveService: Loading file: C:\Apps\JenkinsIntegration\JMe-Git-Jen\Add-API\Add-API\Branch\scripts\add-branch.jmx
2022-07-26 17:07:39,130 INFO o.a.j.p.h.c.CookieManager: Settings: Delete null: true Check: true Allow variable: true Save: false Prefix: COOKIE_
2022-07-26 17:07:39,630 INFO o.a.j.p.h.s.HTTPSamplerBase: Parser for text/html is org.apache.jmeter.protocol.http.parser.LagartoBasedHtmlParser
2022-07-26 17:07:39,630 INFO o.a.j.p.h.s.HTTPSamplerBase: Parser for application/xhtml+xml is org.apache.jmeter.protocol.http.parser.LagartoBasedHtmlParser
2022-07-26 17:07:39,630 INFO o.a.j.p.h.s.HTTPSamplerBase: Parser for application/xml is org.apache.jmeter.protocol.http.parser.LagartoBasedHtmlParser
2022-07-26 17:07:39,630 INFO o.a.j.p.h.s.HTTPSamplerBase: Parser for text/xml is org.apache.jmeter.protocol.http.parser.LagartoBasedHtmlParser
2022-07-26 17:07:39,630 INFO o.a.j.p.h.s.HTTPSamplerBase: Parser for text/vnd.wap.wml is org.apache.jmeter.protocol.http.parser.RegexpHTMLParser
2022-07-26 17:07:39,630 INFO o.a.j.p.h.s.HTTPSamplerBase: Parser for text/css is org.apache.jmeter.protocol.http.parser.CssParser
2022-07-26 17:07:39,712 INFO o.a.j.c.IncludeController: loadIncludedElements -- try to load included module: C:\Apps\JenkinsIntegration\JMe-Git-Jen\Add-API\Login\scripts\instant-token.jmx
2022-07-26 17:07:39,712 INFO o.a.j.s.SaveService: Loading file: C:\Apps\JenkinsIntegration\JMe-Git-Jen\Add-API\Login\scripts\instant-token.jmx
2022-07-26 17:07:39,712 ERROR o.a.j.u.JMeterUtils: File "C:\Apps\JenkinsIntegration\JMe-Git-Jen\Add-API\Login\scripts\instant-token.jmx" not found for Include Controller "[IC] Login" - see log for details
2022-07-26 17:07:39,713 WARN o.a.j.c.IncludeController: File "C:\Apps\JenkinsIntegration\JMe-Git-Jen\Add-API\Login\scripts\instant-token.jmx" not found for Include Controller "[IC] Login"
java.io.FileNotFoundException: C:\Apps\JenkinsIntegration\JMe-Git-Jen\Add-API\Login\scripts\instant-token.jmx (The system cannot find the path specified)
	at java.io.FileInputStream.open0(Native Method) ~[?:?]
	at java.io.FileInputStream.open(FileInputStream.java:219) ~[?:?]
	at java.io.FileInputStream.<init>(FileInputStream.java:157) ~[?:?]
	at org.apache.jmeter.save.SaveService.loadTree(SaveService.java:426) ~[ApacheJMeter_core.jar:5.5]
	at org.apache.jmeter.control.IncludeController.loadIncludedElements(IncludeController.java:142) ~[ApacheJMeter_components.jar:5.5]
	at org.apache.jmeter.control.IncludeController.resolveReplacementSubTree(IncludeController.java:110) ~[ApacheJMeter_components.jar:5.5]
	at org.apache.jmeter.JMeter.runNonGui(JMeter.java:944) ~[ApacheJMeter_core.jar:5.5]
	at org.apache.jmeter.JMeter.startNonGui(JMeter.java:917) ~[ApacheJMeter_core.jar:5.5]
	at org.apache.jmeter.JMeter.start(JMeter.java:485) ~[ApacheJMeter_core.jar:5.5]
	at jdk.internal.reflect.NativeMethodAccessorImpl.invoke0(Native Method) ~[?:?]
	at jdk.internal.reflect.NativeMethodAccessorImpl.invoke(NativeMethodAccessorImpl.java:62) ~[?:?]
	at jdk.internal.reflect.DelegatingMethodAccessorImpl.invoke(DelegatingMethodAccessorImpl.java:43) ~[?:?]
	at java.lang.reflect.Method.invoke(Method.java:566) ~[?:?]
	at org.apache.jmeter.NewDriver.main(NewDriver.java:259) ~[ApacheJMeter.jar:5.5]
2022-07-26 17:07:39,726 INFO o.a.j.c.IncludeController: loadIncludedElements -- try to load included module: C:\Apps\JenkinsIntegration\JMe-Git-Jen\Add-API\Login\scripts\instant-token.jmx
2022-07-26 17:07:39,727 INFO o.a.j.s.SaveService: Loading file: C:\Apps\JenkinsIntegration\JMe-Git-Jen\Add-API\Login\scripts\instant-token.jmx
2022-07-26 17:07:39,727 ERROR o.a.j.u.JMeterUtils: File "C:\Apps\JenkinsIntegration\JMe-Git-Jen\Add-API\Login\scripts\instant-token.jmx" not found for Include Controller "[IC] Login" - see log for details
2022-07-26 17:07:39,727 WARN o.a.j.c.IncludeController: File "C:\Apps\JenkinsIntegration\JMe-Git-Jen\Add-API\Login\scripts\instant-token.jmx" not found for Include Controller "[IC] Login"
java.io.FileNotFoundException: C:\Apps\JenkinsIntegration\JMe-Git-Jen\Add-API\Login\scripts\instant-token.jmx (The system cannot find the path specified)
	at java.io.FileInputStream.open0(Native Method) ~[?:?]
	at java.io.FileInputStream.open(FileInputStream.java:219) ~[?:?]
	at java.io.FileInputStream.<init>(FileInputStream.java:157) ~[?:?]
	at org.apache.jmeter.save.SaveService.loadTree(SaveService.java:426) ~[ApacheJMeter_core.jar:5.5]
	at org.apache.jmeter.control.IncludeController.loadIncludedElements(IncludeController.java:142) ~[ApacheJMeter_components.jar:5.5]
	at org.apache.jmeter.control.IncludeController.resolveReplacementSubTree(IncludeController.java:110) ~[ApacheJMeter_components.jar:5.5]
	at org.apache.jmeter.control.IncludeController.clone(IncludeController.java:63) ~[ApacheJMeter_components.jar:5.5]
	at org.apache.jmeter.JMeter.ensureReplaceableControllerIsLoaded(JMeter.java:1155) ~[ApacheJMeter_core.jar:5.5]
	at org.apache.jmeter.JMeter.pConvertSubTree(JMeter.java:1093) ~[ApacheJMeter_core.jar:5.5]
	at org.apache.jmeter.JMeter.pConvertSubTree(JMeter.java:1105) ~[ApacheJMeter_core.jar:5.5]
	at org.apache.jmeter.JMeter.pConvertSubTree(JMeter.java:1105) ~[ApacheJMeter_core.jar:5.5]
	at org.apache.jmeter.JMeter.convertSubTree(JMeter.java:1069) ~[ApacheJMeter_core.jar:5.5]
	at org.apache.jmeter.JMeter.runNonGui(JMeter.java:949) ~[ApacheJMeter_core.jar:5.5]
	at org.apache.jmeter.JMeter.startNonGui(JMeter.java:917) ~[ApacheJMeter_core.jar:5.5]
	at org.apache.jmeter.JMeter.start(JMeter.java:485) ~[ApacheJMeter_core.jar:5.5]
	at jdk.internal.reflect.NativeMethodAccessorImpl.invoke0(Native Method) ~[?:?]
	at jdk.internal.reflect.NativeMethodAccessorImpl.invoke(NativeMethodAccessorImpl.java:62) ~[?:?]
	at jdk.internal.reflect.DelegatingMethodAccessorImpl.invoke(DelegatingMethodAccessorImpl.java:43) ~[?:?]
	at java.lang.reflect.Method.invoke(Method.java:566) ~[?:?]
	at org.apache.jmeter.NewDriver.main(NewDriver.java:259) ~[ApacheJMeter.jar:5.5]
2022-07-26 17:07:39,762 INFO o.a.j.c.IncludeController: loadIncludedElements -- try to load included module: C:\Apps\JenkinsIntegration\JMe-Git-Jen\Add-API\Login\scripts\instant-token.jmx
2022-07-26 17:07:39,762 INFO o.a.j.s.SaveService: Loading file: C:\Apps\JenkinsIntegration\JMe-Git-Jen\Add-API\Login\scripts\instant-token.jmx
2022-07-26 17:07:39,763 ERROR o.a.j.u.JMeterUtils: File "C:\Apps\JenkinsIntegration\JMe-Git-Jen\Add-API\Login\scripts\instant-token.jmx" not found for Include Controller "[IC] Login" - see log for details
2022-07-26 17:07:39,763 WARN o.a.j.c.IncludeController: File "C:\Apps\JenkinsIntegration\JMe-Git-Jen\Add-API\Login\scripts\instant-token.jmx" not found for Include Controller "[IC] Login"
java.io.FileNotFoundException: C:\Apps\JenkinsIntegration\JMe-Git-Jen\Add-API\Login\scripts\instant-token.jmx (The system cannot find the path specified)
	at java.io.FileInputStream.open0(Native Method) ~[?:?]
	at java.io.FileInputStream.open(FileInputStream.java:219) ~[?:?]
	at java.io.FileInputStream.<init>(FileInputStream.java:157) ~[?:?]
	at org.apache.jmeter.save.SaveService.loadTree(SaveService.java:426) ~[ApacheJMeter_core.jar:5.5]
	at org.apache.jmeter.control.IncludeController.loadIncludedElements(IncludeController.java:142) ~[ApacheJMeter_components.jar:5.5]
	at org.apache.jmeter.control.IncludeController.resolveReplacementSubTree(IncludeController.java:110) ~[ApacheJMeter_components.jar:5.5]
	at org.apache.jmeter.control.IncludeController.clone(IncludeController.java:63) ~[ApacheJMeter_components.jar:5.5]
	at org.apache.jmeter.engine.TreeCloner.addNodeToTree(TreeCloner.java:76) ~[ApacheJMeter_core.jar:5.5]
	at org.apache.jmeter.engine.TreeCloner.addNode(TreeCloner.java:63) ~[ApacheJMeter_core.jar:5.5]
	at org.apache.jorphan.collections.HashTree.traverseInto(HashTree.java:993) ~[jorphan.jar:5.5]
	at org.apache.jorphan.collections.HashTree.traverseInto(HashTree.java:994) ~[jorphan.jar:5.5]
	at org.apache.jorphan.collections.HashTree.traverse(HashTree.java:976) ~[jorphan.jar:5.5]
	at org.apache.jmeter.JMeter.convertSubTree(JMeter.java:1072) ~[ApacheJMeter_core.jar:5.5]
	at org.apache.jmeter.JMeter.runNonGui(JMeter.java:949) ~[ApacheJMeter_core.jar:5.5]
	at org.apache.jmeter.JMeter.startNonGui(JMeter.java:917) ~[ApacheJMeter_core.jar:5.5]
	at org.apache.jmeter.JMeter.start(JMeter.java:485) ~[ApacheJMeter_core.jar:5.5]
	at jdk.internal.reflect.NativeMethodAccessorImpl.invoke0(Native Method) ~[?:?]
	at jdk.internal.reflect.NativeMethodAccessorImpl.invoke(NativeMethodAccessorImpl.java:62) ~[?:?]
	at jdk.internal.reflect.DelegatingMethodAccessorImpl.invoke(DelegatingMethodAccessorImpl.java:43) ~[?:?]
	at java.lang.reflect.Method.invoke(Method.java:566) ~[?:?]
	at org.apache.jmeter.NewDriver.main(NewDriver.java:259) ~[ApacheJMeter.jar:5.5]
2022-07-26 17:07:39,791 INFO o.a.j.JMeter: Creating summariser <summary>
2022-07-26 17:07:39,806 INFO o.a.j.e.StandardJMeterEngine: Running the test!
2022-07-26 17:07:39,807 INFO o.a.j.s.SampleEvent: List of sample_variables: []
2022-07-26 17:07:39,807 INFO o.a.j.s.SampleEvent: List of sample_variables: []
2022-07-26 17:07:39,817 INFO o.a.j.e.u.CompoundVariable: Note: Function class names must contain the string: '.functions.'
2022-07-26 17:07:39,817 INFO o.a.j.e.u.CompoundVariable: Note: Function class names must not contain the string: '.gui.'
2022-07-26 17:07:40,051 INFO o.a.j.JMeter: Running test (1658835460051)
2022-07-26 17:07:40,082 INFO o.a.j.e.StandardJMeterEngine: Starting ThreadGroup: 1 : [TG]Axon-Master
2022-07-26 17:07:40,082 INFO o.a.j.e.StandardJMeterEngine: Starting 1 threads for group [TG]Axon-Master.
2022-07-26 17:07:40,082 INFO o.a.j.e.StandardJMeterEngine: Thread will continue on error
2022-07-26 17:07:40,083 INFO o.a.j.t.ThreadGroup: Starting thread group... number=1 threads=1 ramp-up=1 delayedStart=false
2022-07-26 17:07:40,093 INFO o.a.j.c.IncludeController: loadIncludedElements -- try to load included module: C:\Apps\JenkinsIntegration\JMe-Git-Jen\Add-API\Login\scripts\instant-token.jmx
2022-07-26 17:07:40,093 INFO o.a.j.s.SaveService: Loading file: C:\Apps\JenkinsIntegration\JMe-Git-Jen\Add-API\Login\scripts\instant-token.jmx
2022-07-26 17:07:40,093 ERROR o.a.j.u.JMeterUtils: File "C:\Apps\JenkinsIntegration\JMe-Git-Jen\Add-API\Login\scripts\instant-token.jmx" not found for Include Controller "[IC] Login" - see log for details
2022-07-26 17:07:40,094 WARN o.a.j.c.IncludeController: File "C:\Apps\JenkinsIntegration\JMe-Git-Jen\Add-API\Login\scripts\instant-token.jmx" not found for Include Controller "[IC] Login"
java.io.FileNotFoundException: C:\Apps\JenkinsIntegration\JMe-Git-Jen\Add-API\Login\scripts\instant-token.jmx (The system cannot find the path specified)
	at java.io.FileInputStream.open0(Native Method) ~[?:?]
	at java.io.FileInputStream.open(FileInputStream.java:219) ~[?:?]
	at java.io.FileInputStream.<init>(FileInputStream.java:157) ~[?:?]
	at org.apache.jmeter.save.SaveService.loadTree(SaveService.java:426) ~[ApacheJMeter_core.jar:5.5]
	at org.apache.jmeter.control.IncludeController.loadIncludedElements(IncludeController.java:142) ~[ApacheJMeter_components.jar:5.5]
	at org.apache.jmeter.control.IncludeController.resolveReplacementSubTree(IncludeController.java:110) ~[ApacheJMeter_components.jar:5.5]
	at org.apache.jmeter.control.IncludeController.clone(IncludeController.java:63) ~[ApacheJMeter_components.jar:5.5]
	at org.apache.jmeter.engine.TreeCloner.addNodeToTree(TreeCloner.java:76) ~[ApacheJMeter_core.jar:5.5]
	at org.apache.jmeter.engine.TreeCloner.addNode(TreeCloner.java:63) ~[ApacheJMeter_core.jar:5.5]
	at org.apache.jorphan.collections.HashTree.traverseInto(HashTree.java:993) ~[jorphan.jar:5.5]
	at org.apache.jorphan.collections.HashTree.traverse(HashTree.java:976) ~[jorphan.jar:5.5]
	at org.apache.jmeter.threads.AbstractThreadGroup.cloneTree(AbstractThreadGroup.java:384) ~[ApacheJMeter_core.jar:5.5]
	at org.apache.jmeter.threads.ThreadGroup.startNewThread(ThreadGroup.java:261) ~[ApacheJMeter_core.jar:5.5]
	at org.apache.jmeter.threads.ThreadGroup.start(ThreadGroup.java:242) ~[ApacheJMeter_core.jar:5.5]
	at org.apache.jmeter.engine.StandardJMeterEngine.startThreadGroup(StandardJMeterEngine.java:541) ~[ApacheJMeter_core.jar:5.5]
	at org.apache.jmeter.engine.StandardJMeterEngine.run(StandardJMeterEngine.java:466) ~[ApacheJMeter_core.jar:5.5]
	at java.lang.Thread.run(Thread.java:834) ~[?:?]
2022-07-26 17:07:40,142 INFO o.a.j.t.ThreadGroup: Started thread group number 1
2022-07-26 17:07:40,142 INFO o.a.j.e.StandardJMeterEngine: All thread groups have been started
2022-07-26 17:07:40,211 INFO o.a.j.t.JMeterThread: Thread started: [TG]Axon-Master 1-1
2022-07-26 17:07:40,216 INFO o.a.j.s.SampleResult: Note: Sample TimeStamps are START times
2022-07-26 17:07:40,216 INFO o.a.j.s.SampleResult: sampleresult.default.encoding is set to ISO-8859-1
2022-07-26 17:07:40,217 INFO o.a.j.s.SampleResult: sampleresult.useNanoTime=true
2022-07-26 17:07:40,217 INFO o.a.j.s.SampleResult: sampleresult.nanoThreadSleep=5000
2022-07-26 17:07:40,248 INFO o.a.j.u.BeanShellTestElement: File deleted successfully
2022-07-26 17:07:40,268 INFO o.a.j.s.FileServer: Stored: ..\data\master-data.csv
2022-07-26 17:07:40,685 INFO o.a.j.p.h.s.HTTPHCAbstractImpl: Local host = DESKTOP-68UN0DI
2022-07-26 17:07:40,692 INFO o.a.j.p.h.s.HTTPHC4Impl: HTTP request retry count = 0
2022-07-26 17:07:44,174 INFO o.a.j.t.JMeterThread: Stop Thread seen for thread [TG]Axon-Master 1-1, reason: org.apache.jorphan.util.JMeterStopThreadException: End of file:..\data\master-data.csv detected for CSV DataSet:DataFile configured with stopThread:true, recycle:false
2022-07-26 17:07:44,174 INFO o.a.j.t.JMeterThread: Thread finished: [TG]Axon-Master 1-1
2022-07-26 17:07:44,177 INFO o.a.j.e.StandardJMeterEngine: Notifying test listeners of end of test
2022-07-26 17:07:44,177 INFO o.a.j.s.FileServer: Close: ..\data\master-data.csv
2022-07-26 17:07:44,183 INFO o.a.j.r.Summariser: summary =    325 in 00:00:04 =   78.7/s Avg:     8 Min:     0 Max:   252 Err:    52 (16.00%)
