2022-07-26 17:10:11,706 INFO o.a.j.u.JMeterUtils: Setting Locale to en_EN
2022-07-26 17:10:11,742 INFO o.a.j.JMeter: Loading user properties from: C:\Apps\JMeter\apache-jmeter-5.5\bin\user.properties
2022-07-26 17:10:11,743 INFO o.a.j.JMeter: Loading system properties from: C:\Apps\JMeter\apache-jmeter-5.5\bin\system.properties
2022-07-26 17:10:11,743 INFO o.a.j.JMeter: Setting System property: jmeter.protocol=http
2022-07-26 17:10:11,744 INFO o.a.j.JMeter: Setting System property: jmeter.serverName=192.168.0.206
2022-07-26 17:10:11,744 INFO o.a.j.JMeter: Setting System property: jmeter.serverPort=80
2022-07-26 17:10:11,744 INFO o.a.j.JMeter: Setting System property: jmeter.dataFile=..\data\master-data.csv
2022-07-26 17:10:11,744 INFO o.a.j.JMeter: Setting System property: jmeter.loginPath=..\Login\scripts\instant-token.jmx
2022-07-26 17:10:11,744 INFO o.a.j.JMeter: Setting System property: jmeter.users=1
2022-07-26 17:10:11,744 INFO o.a.j.JMeter: Setting System property: jmeter.duration=1
2022-07-26 17:10:11,744 INFO o.a.j.JMeter: Setting System property: jmeter.startupDelay=1
2022-07-26 17:10:11,744 INFO o.a.j.JMeter: Setting System property: jmeter.rampup=1
2022-07-26 17:10:11,744 INFO o.a.j.JMeter: Setting System property: jmeter.randomDelay=0
2022-07-26 17:10:11,744 INFO o.a.j.JMeter: Setting System property: jmeter.constantDelay=0
2022-07-26 17:10:11,745 INFO o.a.j.JMeter: Setting System property: jmeter.basedir=../../..
2022-07-26 17:10:11,745 INFO o.a.j.JMeter: Setting System property: jmeter.loopCount=1
2022-07-26 17:10:11,745 INFO o.a.j.JMeter: Setting System property: jmeter.debug=false
2022-07-26 17:10:11,745 INFO o.a.j.JMeter: Setting System property: jmeter.userSessionLoopCount=1
2022-07-26 17:10:11,757 INFO o.a.j.JMeter: Copyright (c) 1998-2022 The Apache Software Foundation
2022-07-26 17:10:11,757 INFO o.a.j.JMeter: Version 5.5
2022-07-26 17:10:11,757 INFO o.a.j.JMeter: java.version=11.0.15
2022-07-26 17:10:11,757 INFO o.a.j.JMeter: java.vm.name=Java HotSpot(TM) 64-Bit Server VM
2022-07-26 17:10:11,757 INFO o.a.j.JMeter: os.name=Windows 10
2022-07-26 17:10:11,758 INFO o.a.j.JMeter: os.arch=amd64
2022-07-26 17:10:11,758 INFO o.a.j.JMeter: os.version=10.0
2022-07-26 17:10:11,758 INFO o.a.j.JMeter: file.encoding=Cp1252
2022-07-26 17:10:11,758 INFO o.a.j.JMeter: java.awt.headless=null
2022-07-26 17:10:11,758 INFO o.a.j.JMeter: Max memory     =1610612736
2022-07-26 17:10:11,758 INFO o.a.j.JMeter: Available Processors =4
2022-07-26 17:10:11,775 INFO o.a.j.JMeter: Default Locale=English (EN)
2022-07-26 17:10:11,775 INFO o.a.j.JMeter: JMeter  Locale=English (EN)
2022-07-26 17:10:11,775 INFO o.a.j.JMeter: JMeterHome=C:\Apps\JMeter\apache-jmeter-5.5
2022-07-26 17:10:11,775 INFO o.a.j.JMeter: user.dir  =C:\Apps\JenkinsIntegration\JMe-Git-Jen\Add-API\Branch
2022-07-26 17:10:11,776 INFO o.a.j.JMeter: PWD       =C:\Apps\JenkinsIntegration\JMe-Git-Jen\Add-API\Branch
2022-07-26 17:10:11,777 INFO o.a.j.JMeter: IP: 192.168.0.58 Name: DESKTOP-68UN0DI FullName: DESKTOP-68UN0DI
2022-07-26 17:10:11,803 INFO o.a.j.JMeter: Loaded icon properties from org/apache/jmeter/images/icon.properties
2022-07-26 17:10:12,140 INFO o.a.j.JMeterGuiLauncher: Setting LAF to: laf:javax.swing.plaf.metal.MetalLookAndFeel
2022-07-26 17:10:14,388 INFO o.a.j.JMeterGuiLauncher: Loading file: scripts\add-branch.jmx
2022-07-26 17:10:14,391 INFO o.a.j.s.FileServer: Default base='C:\Apps\JenkinsIntegration\JMe-Git-Jen\Add-API\Branch'
2022-07-26 17:10:14,395 INFO o.a.j.s.FileServer: Set new base='C:\Apps\JenkinsIntegration\JMe-Git-Jen\Add-API\Branch\scripts'
2022-07-26 17:10:14,851 INFO o.a.j.s.SaveService: Testplan (JMX) version: 2.2. Testlog (JTL) version: 2.2
2022-07-26 17:10:14,886 INFO o.a.j.s.SaveService: Using SaveService properties version 5.0
2022-07-26 17:10:14,889 INFO o.a.j.s.SaveService: Using SaveService properties file encoding UTF-8
2022-07-26 17:10:14,891 INFO o.a.j.s.SaveService: Loading file: scripts\add-branch.jmx
2022-07-26 17:10:14,929 INFO o.a.j.p.h.c.CookieManager: Settings: Delete null: true Check: true Allow variable: true Save: false Prefix: COOKIE_
2022-07-26 17:10:15,415 INFO o.a.j.p.h.s.HTTPSamplerBase: Parser for text/html is org.apache.jmeter.protocol.http.parser.LagartoBasedHtmlParser
2022-07-26 17:10:15,416 INFO o.a.j.p.h.s.HTTPSamplerBase: Parser for application/xhtml+xml is org.apache.jmeter.protocol.http.parser.LagartoBasedHtmlParser
2022-07-26 17:10:15,416 INFO o.a.j.p.h.s.HTTPSamplerBase: Parser for application/xml is org.apache.jmeter.protocol.http.parser.LagartoBasedHtmlParser
2022-07-26 17:10:15,416 INFO o.a.j.p.h.s.HTTPSamplerBase: Parser for text/xml is org.apache.jmeter.protocol.http.parser.LagartoBasedHtmlParser
2022-07-26 17:10:15,416 INFO o.a.j.p.h.s.HTTPSamplerBase: Parser for text/vnd.wap.wml is org.apache.jmeter.protocol.http.parser.RegexpHTMLParser
2022-07-26 17:10:15,416 INFO o.a.j.p.h.s.HTTPSamplerBase: Parser for text/css is org.apache.jmeter.protocol.http.parser.CssParser
2022-07-26 17:10:15,498 INFO o.a.j.s.FileServer: Set new base='C:\Apps\JenkinsIntegration\JMe-Git-Jen\Add-API\Branch\scripts'
2022-07-26 17:10:16,241 INFO o.a.j.s.SampleResult: Note: Sample TimeStamps are START times
2022-07-26 17:10:16,241 INFO o.a.j.s.SampleResult: sampleresult.default.encoding is set to ISO-8859-1
2022-07-26 17:10:16,241 INFO o.a.j.s.SampleResult: sampleresult.useNanoTime=true
2022-07-26 17:10:16,241 INFO o.a.j.s.SampleResult: sampleresult.nanoThreadSleep=5000
2022-07-26 17:10:16,464 INFO o.a.j.v.ViewResultsFullVisualizer: Add JavaFX to your Java installation if you want to use renderer: org.apache.jmeter.visualizers.RenderInBrowser
2022-07-26 17:10:16,798 INFO o.a.j.c.IncludeController: loadIncludedElements -- try to load included module: C:\Apps\JenkinsIntegration\JMe-Git-Jen\Add-API\Login\scripts\instant-token.jmx
2022-07-26 17:10:16,799 INFO o.a.j.s.SaveService: Loading file: C:\Apps\JenkinsIntegration\JMe-Git-Jen\Add-API\Login\scripts\instant-token.jmx
2022-07-26 17:10:51,762 INFO o.a.j.c.IncludeController: loadIncludedElements -- try to load included module: C:\Apps\JenkinsIntegration\JMe-Git-Jen\Add-API\Login\scripts\instant-token.jmx
2022-07-26 17:10:51,762 INFO o.a.j.s.SaveService: Loading file: C:\Apps\JenkinsIntegration\JMe-Git-Jen\Add-API\Login\scripts\instant-token.jmx
2022-07-26 17:10:53,053 INFO o.a.j.c.IncludeController: loadIncludedElements -- try to load included module: C:\Apps\JenkinsIntegration\JMe-Git-Jen\Add-API\Login\scripts\instant-token.jmx
2022-07-26 17:10:53,054 INFO o.a.j.s.SaveService: Loading file: C:\Apps\JenkinsIntegration\JMe-Git-Jen\Add-API\Login\scripts\instant-token.jmx
2022-07-26 17:10:53,067 INFO o.a.j.c.IncludeController: loadIncludedElements -- try to load included module: C:\Apps\JenkinsIntegration\JMe-Git-Jen\Add-API\Login\scripts\instant-token.jmx
2022-07-26 17:10:53,067 INFO o.a.j.s.SaveService: Loading file: C:\Apps\JenkinsIntegration\JMe-Git-Jen\Add-API\Login\scripts\instant-token.jmx
2022-07-26 17:10:53,118 INFO o.a.j.c.IncludeController: loadIncludedElements -- try to load included module: C:\Apps\JenkinsIntegration\JMe-Git-Jen\Add-API\Login\scripts\instant-token.jmx
2022-07-26 17:10:53,119 INFO o.a.j.s.SaveService: Loading file: C:\Apps\JenkinsIntegration\JMe-Git-Jen\Add-API\Login\scripts\instant-token.jmx
2022-07-26 17:10:53,184 INFO o.a.j.e.StandardJMeterEngine: Running the test!
2022-07-26 17:10:53,186 INFO o.a.j.s.SampleEvent: List of sample_variables: []
2022-07-26 17:10:53,187 INFO o.a.j.s.SampleEvent: List of sample_variables: []
2022-07-26 17:10:53,189 INFO o.a.j.e.u.CompoundVariable: Note: Function class names must contain the string: '.functions.'
2022-07-26 17:10:53,190 INFO o.a.j.e.u.CompoundVariable: Note: Function class names must not contain the string: '.gui.'
2022-07-26 17:10:53,287 INFO o.a.j.g.u.JMeterMenuBar: setRunning(true, *local*)
2022-07-26 17:10:53,340 INFO o.a.j.e.StandardJMeterEngine: Starting ThreadGroup: 1 : [TG]Axon-Master
2022-07-26 17:10:53,340 INFO o.a.j.e.StandardJMeterEngine: Starting 1 threads for group [TG]Axon-Master.
2022-07-26 17:10:53,340 INFO o.a.j.e.StandardJMeterEngine: Thread will continue on error
2022-07-26 17:10:53,341 INFO o.a.j.t.ThreadGroup: Starting thread group... number=1 threads=1 ramp-up=1 delayedStart=false
2022-07-26 17:10:53,355 INFO o.a.j.c.IncludeController: loadIncludedElements -- try to load included module: C:\Apps\JenkinsIntegration\JMe-Git-Jen\Add-API\Login\scripts\instant-token.jmx
2022-07-26 17:10:53,355 INFO o.a.j.s.SaveService: Loading file: C:\Apps\JenkinsIntegration\JMe-Git-Jen\Add-API\Login\scripts\instant-token.jmx
2022-07-26 17:10:53,414 INFO o.a.j.t.ThreadGroup: Started thread group number 1
2022-07-26 17:10:53,414 INFO o.a.j.e.StandardJMeterEngine: All thread groups have been started
2022-07-26 17:10:53,422 INFO o.a.j.t.JMeterThread: Thread started: [TG]Axon-Master 1-1
2022-07-26 17:10:53,454 INFO o.a.j.u.BeanShellTestElement: File deleted successfully
2022-07-26 17:10:53,471 INFO o.a.j.p.h.s.HTTPHCAbstractImpl: Local host = DESKTOP-68UN0DI
2022-07-26 17:10:53,478 INFO o.a.j.p.h.s.HTTPHC4Impl: HTTP request retry count = 0
2022-07-26 17:10:53,737 INFO o.a.j.s.FileServer: Stored: ..\data\master-data.csv
2022-07-26 17:10:56,915 INFO o.a.j.t.JMeterThread: Stop Thread seen for thread [TG]Axon-Master 1-1, reason: org.apache.jorphan.util.JMeterStopThreadException: End of file:..\data\master-data.csv detected for CSV DataSet:DataFile configured with stopThread:true, recycle:false
2022-07-26 17:10:56,915 INFO o.a.j.t.JMeterThread: Thread finished: [TG]Axon-Master 1-1
2022-07-26 17:10:56,917 INFO o.a.j.e.StandardJMeterEngine: Notifying test listeners of end of test
2022-07-26 17:10:56,918 INFO o.a.j.s.FileServer: Close: ..\data\master-data.csv
2022-07-26 17:10:56,921 INFO o.a.j.g.u.JMeterMenuBar: setRunning(false, *local*)
2022-07-26 17:11:05,468 WARN o.a.j.p.h.v.RequestViewHTTP: Error decoding query, maybe your request parameters should be encoded:{"email":"admin@bijib.dev","upwd":"Bijib1%","device_type":3,"device_name":"chrome 101.0.4951 Windows 10"}
java.lang.IllegalArgumentException: URLDecoder: Illegal hex characters in escape (%) pattern - Error at index 0 in: "","
	at java.net.URLDecoder.decode(URLDecoder.java:232) ~[?:?]
	at java.net.URLDecoder.decode(URLDecoder.java:142) ~[?:?]
	at org.apache.jmeter.protocol.http.visualizers.RequestViewHTTP.decodeQuery(RequestViewHTTP.java:336) ~[ApacheJMeter_http.jar:5.5]
	at org.apache.jmeter.protocol.http.visualizers.RequestViewHTTP.getQueryMap(RequestViewHTTP.java:290) ~[ApacheJMeter_http.jar:5.5]
	at org.apache.jmeter.protocol.http.visualizers.RequestViewHTTP.setSamplerResult(RequestViewHTTP.java:216) ~[ApacheJMeter_http.jar:5.5]
	at org.apache.jmeter.visualizers.RequestPanel.setSamplerResult(RequestPanel.java:116) ~[ApacheJMeter_components.jar:5.5]
	at org.apache.jmeter.visualizers.SamplerResultTab.setupTabPane(SamplerResultTab.java:256) ~[ApacheJMeter_components.jar:5.5]
	at org.apache.jmeter.visualizers.ViewResultsFullVisualizer.valueChanged(ViewResultsFullVisualizer.java:395) ~[ApacheJMeter_components.jar:5.5]
	at org.apache.jmeter.visualizers.ViewResultsFullVisualizer.valueChanged(ViewResultsFullVisualizer.java:373) ~[ApacheJMeter_components.jar:5.5]
	at javax.swing.JTree.fireValueChanged(JTree.java:2967) ~[?:?]
	at javax.swing.JTree$TreeSelectionRedirector.valueChanged(JTree.java:3456) ~[?:?]
	at javax.swing.tree.DefaultTreeSelectionModel.fireValueChanged(DefaultTreeSelectionModel.java:641) ~[?:?]
	at javax.swing.tree.DefaultTreeSelectionModel.notifyPathChange(DefaultTreeSelectionModel.java:1111) ~[?:?]
	at javax.swing.tree.DefaultTreeSelectionModel.setSelectionPaths(DefaultTreeSelectionModel.java:297) ~[?:?]
	at javax.swing.tree.DefaultTreeSelectionModel.setSelectionPath(DefaultTreeSelectionModel.java:191) ~[?:?]
	at javax.swing.JTree.setSelectionPath(JTree.java:1656) ~[?:?]
	at javax.swing.plaf.basic.BasicTreeUI.selectPathForEvent(BasicTreeUI.java:2736) ~[?:?]
	at javax.swing.plaf.basic.BasicTreeUI$Handler.handleSelection(BasicTreeUI.java:4016) ~[?:?]
	at javax.swing.plaf.basic.BasicTreeUI$Handler.mousePressed(BasicTreeUI.java:3955) ~[?:?]
	at java.awt.Component.processMouseEvent(Component.java:6632) ~[?:?]
	at javax.swing.JComponent.processMouseEvent(JComponent.java:3342) ~[?:?]
	at java.awt.Component.processEvent(Component.java:6400) ~[?:?]
	at java.awt.Container.processEvent(Container.java:2263) ~[?:?]
	at java.awt.Component.dispatchEventImpl(Component.java:5011) ~[?:?]
	at java.awt.Container.dispatchEventImpl(Container.java:2321) ~[?:?]
	at java.awt.Component.dispatchEvent(Component.java:4843) ~[?:?]
	at java.awt.LightweightDispatcher.retargetMouseEvent(Container.java:4918) ~[?:?]
	at java.awt.LightweightDispatcher.processMouseEvent(Container.java:4544) ~[?:?]
	at java.awt.LightweightDispatcher.dispatchEvent(Container.java:4488) ~[?:?]
	at java.awt.Container.dispatchEventImpl(Container.java:2307) ~[?:?]
	at java.awt.Window.dispatchEventImpl(Window.java:2772) ~[?:?]
	at java.awt.Component.dispatchEvent(Component.java:4843) ~[?:?]
	at java.awt.EventQueue.dispatchEventImpl(EventQueue.java:772) ~[?:?]
	at java.awt.EventQueue$4.run(EventQueue.java:721) ~[?:?]
	at java.awt.EventQueue$4.run(EventQueue.java:715) ~[?:?]
	at java.security.AccessController.doPrivileged(Native Method) ~[?:?]
	at java.security.ProtectionDomain$JavaSecurityAccessImpl.doIntersectionPrivilege(ProtectionDomain.java:85) ~[?:?]
	at java.security.ProtectionDomain$JavaSecurityAccessImpl.doIntersectionPrivilege(ProtectionDomain.java:95) ~[?:?]
	at java.awt.EventQueue$5.run(EventQueue.java:745) ~[?:?]
	at java.awt.EventQueue$5.run(EventQueue.java:743) ~[?:?]
	at java.security.AccessController.doPrivileged(Native Method) ~[?:?]
	at java.security.ProtectionDomain$JavaSecurityAccessImpl.doIntersectionPrivilege(ProtectionDomain.java:85) ~[?:?]
	at java.awt.EventQueue.dispatchEvent(EventQueue.java:742) ~[?:?]
	at java.awt.EventDispatchThread.pumpOneEventForFilters(EventDispatchThread.java:203) ~[?:?]
	at java.awt.EventDispatchThread.pumpEventsForFilter(EventDispatchThread.java:124) ~[?:?]
	at java.awt.EventDispatchThread.pumpEventsForHierarchy(EventDispatchThread.java:113) ~[?:?]
	at java.awt.EventDispatchThread.pumpEvents(EventDispatchThread.java:109) ~[?:?]
	at java.awt.EventDispatchThread.pumpEvents(EventDispatchThread.java:101) ~[?:?]
	at java.awt.EventDispatchThread.run(EventDispatchThread.java:90) ~[?:?]
